0 info it worked if it ends with ok
1 verbose cli [ 'node', '/usr/local/bin/npm', 'install', 'reactify', '--save' ]
2 info using npm@1.4.28
3 info using node@v0.10.35
4 warn package.json greenbox-ui@1.0.0 No description
5 warn package.json greenbox-ui@1.0.0 No repository field.
6 warn package.json greenbox-ui@1.0.0 No README data
7 verbose readDependencies using package.json deps
8 verbose cache add [ 'reactify', null ]
9 verbose cache add name=undefined spec="reactify" args=["reactify",null]
10 verbose parsed url { protocol: null,
10 verbose parsed url   slashes: null,
10 verbose parsed url   auth: null,
10 verbose parsed url   host: null,
10 verbose parsed url   port: null,
10 verbose parsed url   hostname: null,
10 verbose parsed url   hash: null,
10 verbose parsed url   search: null,
10 verbose parsed url   query: null,
10 verbose parsed url   pathname: 'reactify',
10 verbose parsed url   path: 'reactify',
10 verbose parsed url   href: 'reactify' }
11 silly lockFile 97e36b74-reactify reactify
12 verbose lock reactify /Users/ncgerritsen/.npm/97e36b74-reactify.lock
13 silly lockFile 97e36b74-reactify reactify
14 silly lockFile 97e36b74-reactify reactify
15 verbose addNamed [ 'reactify', '' ]
16 verbose addNamed [ null, '*' ]
17 silly lockFile 60172e78-reactify reactify@
18 verbose lock reactify@ /Users/ncgerritsen/.npm/60172e78-reactify.lock
19 silly addNameRange { name: 'reactify', range: '*', hasData: false }
20 verbose request where is /reactify
21 verbose request registry https://registry.npmjs.org/
22 verbose request id ea4fe18dcf47bb71
23 verbose url raw /reactify
24 verbose url resolving [ 'https://registry.npmjs.org/', './reactify' ]
25 verbose url resolved https://registry.npmjs.org/reactify
26 verbose request where is https://registry.npmjs.org/reactify
27 info trying registry request attempt 1 at 14:53:38
28 verbose etag "6OY75SJ6Z12DCVB166PRMIW9C"
29 http GET https://registry.npmjs.org/reactify
30 http 200 https://registry.npmjs.org/reactify
31 silly registry.get cb [ 200,
31 silly registry.get   { date: 'Mon, 30 Mar 2015 12:53:40 GMT',
31 silly registry.get     server: 'CouchDB/1.5.0 (Erlang OTP/R16B03)',
31 silly registry.get     etag: '"DTHL1U6PS991PKX4DCBRD17HJ"',
31 silly registry.get     'content-type': 'application/json',
31 silly registry.get     'cache-control': 'max-age=60',
31 silly registry.get     'content-length': '51668',
31 silly registry.get     'accept-ranges': 'bytes',
31 silly registry.get     via: '1.1 varnish',
31 silly registry.get     age: '0',
31 silly registry.get     'x-served-by': 'cache-ams4136-AMS',
31 silly registry.get     'x-cache': 'HIT',
31 silly registry.get     'x-cache-hits': '1',
31 silly registry.get     'x-timer': 'S1427720019.998336,VS0,VE160',
31 silly registry.get     vary: 'Accept',
31 silly registry.get     'keep-alive': 'timeout=10, max=50',
31 silly registry.get     connection: 'Keep-Alive' } ]
32 silly addNameRange number 2 { name: 'reactify', range: '*', hasData: true }
33 silly addNameRange versions [ 'reactify',
33 silly addNameRange   [ '0.1.0',
33 silly addNameRange     '0.1.1',
33 silly addNameRange     '0.1.2',
33 silly addNameRange     '0.1.3',
33 silly addNameRange     '0.1.4',
33 silly addNameRange     '0.2.0',
33 silly addNameRange     '0.2.1',
33 silly addNameRange     '0.2.2',
33 silly addNameRange     '0.3.0',
33 silly addNameRange     '0.3.1',
33 silly addNameRange     '0.3.2',
33 silly addNameRange     '0.4.0',
33 silly addNameRange     '0.5.0',
33 silly addNameRange     '0.5.1',
33 silly addNameRange     '0.6.0',
33 silly addNameRange     '0.6.1',
33 silly addNameRange     '0.7.0',
33 silly addNameRange     '0.8.0',
33 silly addNameRange     '0.8.1',
33 silly addNameRange     '0.9.0',
33 silly addNameRange     '0.9.1',
33 silly addNameRange     '0.10.0',
33 silly addNameRange     '0.11.0',
33 silly addNameRange     '0.12.0',
33 silly addNameRange     '0.13.0',
33 silly addNameRange     '0.13.1',
33 silly addNameRange     '0.14.0',
33 silly addNameRange     '0.15.0',
33 silly addNameRange     '0.15.1',
33 silly addNameRange     '0.14.1',
33 silly addNameRange     '0.8.2',
33 silly addNameRange     '0.9.2',
33 silly addNameRange     '0.10.1',
33 silly addNameRange     '0.11.1',
33 silly addNameRange     '0.13.2',
33 silly addNameRange     '0.12.1',
33 silly addNameRange     '0.15.2',
33 silly addNameRange     '0.16.0',
33 silly addNameRange     '0.17.0',
33 silly addNameRange     '0.17.1',
33 silly addNameRange     '1.0.0',
33 silly addNameRange     '1.1.0' ] ]
34 verbose addNamed [ 'reactify', '1.1.0' ]
35 verbose addNamed [ '1.1.0', '1.1.0' ]
36 silly lockFile 3f2211a4-reactify-1-1-0 reactify@1.1.0
37 verbose lock reactify@1.1.0 /Users/ncgerritsen/.npm/3f2211a4-reactify-1-1-0.lock
38 silly lockFile edba5cce--org-reactify-reactify-1-1-0-tgz https://registry.npmjs.org/reactify/-/reactify-1.1.0.tgz
39 verbose lock https://registry.npmjs.org/reactify/-/reactify-1.1.0.tgz /Users/ncgerritsen/.npm/edba5cce--org-reactify-reactify-1-1-0-tgz.lock
40 verbose addRemoteTarball [ 'https://registry.npmjs.org/reactify/-/reactify-1.1.0.tgz',
40 verbose addRemoteTarball   'abcefaf4fde54df0aa5343acc1cf295b7f30e394' ]
41 info retry fetch attempt 1 at 14:53:40
42 verbose fetch to= /var/folders/0k/zccmy0c16cn72vrw07f4vrgw0000gn/T/npm-1311-jZ8WRe8h/registry.npmjs.org/reactify/-/reactify-1.1.0.tgz
43 http GET https://registry.npmjs.org/reactify/-/reactify-1.1.0.tgz
44 http 200 https://registry.npmjs.org/reactify/-/reactify-1.1.0.tgz
45 silly lockFile edba5cce--org-reactify-reactify-1-1-0-tgz https://registry.npmjs.org/reactify/-/reactify-1.1.0.tgz
46 silly lockFile edba5cce--org-reactify-reactify-1-1-0-tgz https://registry.npmjs.org/reactify/-/reactify-1.1.0.tgz
47 silly lockFile 3f2211a4-reactify-1-1-0 reactify@1.1.0
48 silly lockFile 3f2211a4-reactify-1-1-0 reactify@1.1.0
49 silly lockFile 60172e78-reactify reactify@
50 silly lockFile 60172e78-reactify reactify@
51 error Error: EACCES, mkdir '/Users/ncgerritsen/.npm/reactify/1.1.0'
51 error  { [Error: EACCES, mkdir '/Users/ncgerritsen/.npm/reactify/1.1.0']
51 error   errno: 3,
51 error   code: 'EACCES',
51 error   path: '/Users/ncgerritsen/.npm/reactify/1.1.0',
51 error   parent: 'greenbox-ui' }
52 error Please try running this command again as root/Administrator.
53 error System Darwin 14.3.0
54 error command "node" "/usr/local/bin/npm" "install" "reactify" "--save"
55 error cwd /Users/ncgerritsen/Projects/greenboxui-react
56 error node -v v0.10.35
57 error npm -v 1.4.28
58 error path /Users/ncgerritsen/.npm/reactify/1.1.0
59 error code EACCES
60 error errno 3
61 error stack Error: EACCES, mkdir '/Users/ncgerritsen/.npm/reactify/1.1.0'
62 verbose exit [ 3, true ]
